<?xml version="1.0" encoding="UTF-8"?>
<testsuite xmlns:xsi="http://www.w3.org/2001/XMLSchema-instance" xsi:noNamespaceSchemaLocation="https://maven.apache.org/surefire/maven-surefire-plugin/xsd/surefire-test-report-3.0.xsd" version="3.0" name="TestSuite" time="54.283" tests="5" errors="0" skipped="0" failures="5">
  <properties>
[...]
</properties>
  <testcase name="runScenario[&quot;book a hotel&quot;, &quot;user book a hotel&quot;](1)" classname="runner.TestRunnerTestNG" time="11.264">
    <failure message="Unable to find element with locator By.id: location&#10;For documentation on this error, please visit: https://www.selenium.dev/documentation/webdriver/troubleshooting/errors#no-such-element-exception&#10;Build info: version: &apos;4.15.0&apos;, revision: &apos;1d14b5521b&apos;&#10;System info: os.name: &apos;Windows 11&apos;, os.arch: &apos;amd64&apos;, os.version: &apos;10.0&apos;, java.version: &apos;17.0.11&apos;&#10;Driver info: driver.version: RemoteWebDriver" type="org.openqa.selenium.NoSuchElementException"><![CDATA[org.openqa.selenium.NoSuchElementException: 
Unable to find element with locator By.id: location
For documentation on this error, please visit: https://www.selenium.dev/documentation/webdriver/troubleshooting/errors#no-such-element-exception
Build info: version: '4.15.0', revision: '1d14b5521b'
System info: os.name: 'Windows 11', os.arch: 'amd64', os.version: '10.0', java.version: '17.0.11'
Driver info: driver.version: RemoteWebDriver
	at org.openqa.selenium.remote.ElementLocation$ElementFinder$2.findElement(ElementLocation.java:168)
	at org.openqa.selenium.remote.ElementLocation.findElement(ElementLocation.java:59)
	at org.openqa.selenium.remote.RemoteWebDriver.findElement(RemoteWebDriver.java:364)
	at org.openqa.selenium.remote.RemoteWebDriver.findElement(RemoteWebDriver.java:358)
	at org.openqa.selenium.support.pagefactory.DefaultElementLocator.findElement(DefaultElementLocator.java:68)
	at org.openqa.selenium.support.pagefactory.internal.LocatingElementHandler.invoke(LocatingElementHandler.java:38)
	at jdk.proxy2/jdk.proxy2.$Proxy25.getTagName(Unknown Source)
	at org.openqa.selenium.support.ui.Select.<init>(Select.java:43)
	at base.Base.selectbyvalue(Base.java:23)
	at PageObjectModel.Search_hotel_Page.searchhotel(Search_hotel_Page.java:80)
	at stepDefinition.Search_Hotel.user_search_the_hotel_following_depends(Search_Hotel.java:13)
	at ✽.user search the hotel following depends "London","Hotel Sunshine","Double","2 - Two","18/09/2023","19/09/2023","2 - Two","2 - Two"(file:///C:/Users/Lenovo/eclipse-workspace/AdactinHotel/src/test/resources/Features/Book_Hotel.feature:6)
]]></failure>
    <system-out><![CDATA[
Scenario Outline: book a hotel                                                                                                             &amp#27;[90m# src/test/resources/Features/Book_Hotel.feature:15&amp#27;[0m
  &amp#27;[32mGiven &amp#27;[0m&amp#27;[32muser should perform login with &amp#27;[0m&amp#27;[32m&amp#27;[1m"SrihariMahendran"&amp#27;[0m&amp#27;[32m and &amp#27;[0m&amp#27;[32m&amp#27;[1m"India@2024"&amp#27;[0m                                                                 &amp#27;[90m# stepDefinition.First_page.user_should_perform_login_with_and(java.lang.String,java.lang.String)&amp#27;[0m
ok
  &amp#27;[32mWhen &amp#27;[0m&amp#27;[32muser click the login button&amp#27;[0m                                                                                                         &amp#27;[90m# stepDefinition.First_page.user_click_the_login_button()&amp#27;[0m
  &amp#27;[31mGiven &amp#27;[0m&amp#27;[31muser search the hotel following depends &amp#27;[0m&amp#27;[31m&amp#27;[1m"London"&amp#27;[0m&amp#27;[31m,&amp#27;[0m&amp#27;[31m&amp#27;[1m"Hotel Sunshine"&amp#27;[0m&amp#27;[31m,&amp#27;[0m&amp#27;[31m&amp#27;[1m"Double"&amp#27;[0m&amp#27;[31m,&amp#27;[0m&amp#27;[31m&amp#27;[1m"2 - Two"&amp#27;[0m&amp#27;[31m,&amp#27;[0m&amp#27;[31m&amp#27;[1m"18/09/2023"&amp#27;[0m&amp#27;[31m,&amp#27;[0m&amp#27;[31m&amp#27;[1m"19/09/2023"&amp#27;[0m&amp#27;[31m,&amp#27;[0m&amp#27;[31m&amp#27;[1m"2 - Two"&amp#27;[0m&amp#27;[31m,&amp#27;[0m&amp#27;[31m&amp#27;[1m"2 - Two"&amp#27;[0m &amp#27;[90m# stepDefinition.Search_Hotel.user_search_the_hotel_following_depends(java.lang.String,java.lang.String,java.lang.String,java.lang.String,java.lang.String,java.lang.String,java.lang.String,java.lang.String)&amp#27;[0m
      &amp#27;[31morg.openqa.selenium.NoSuchElementException: Unable to find element with locator By.id: location
For documentation on this error, please visit: https://www.selenium.dev/documentation/webdriver/troubleshooting/errors#no-such-element-exception
Build info: version: '4.15.0', revision: '1d14b5521b'
System info: os.name: 'Windows 11', os.arch: 'amd64', os.version: '10.0', java.version: '17.0.11'
Driver info: driver.version: RemoteWebDriver
	at org.openqa.selenium.remote.ElementLocation$ElementFinder$2.findElement(ElementLocation.java:168)
	at org.openqa.selenium.remote.ElementLocation.findElement(ElementLocation.java:59)
	at org.openqa.selenium.remote.RemoteWebDriver.findElement(RemoteWebDriver.java:364)
	at org.openqa.selenium.remote.RemoteWebDriver.findElement(RemoteWebDriver.java:358)
	at org.openqa.selenium.support.pagefactory.DefaultElementLocator.findElement(DefaultElementLocator.java:68)
	at org.openqa.selenium.support.pagefactory.internal.LocatingElementHandler.invoke(LocatingElementHandler.java:38)
	at jdk.proxy2/jdk.proxy2.$Proxy25.getTagName(Unknown Source)
	at org.openqa.selenium.support.ui.Select.<init>(Select.java:43)
	at base.Base.selectbyvalue(Base.java:23)
	at PageObjectModel.Search_hotel_Page.searchhotel(Search_hotel_Page.java:80)
	at stepDefinition.Search_Hotel.user_search_the_hotel_following_depends(Search_Hotel.java:13)
	at âœ½.user search the hotel following depends "London","Hotel Sunshine","Double","2 - Two","18/09/2023","19/09/2023","2 - Two","2 - Two"(file:///C:/Users/Lenovo/eclipse-workspace/AdactinHotel/src/test/resources/Features/Book_Hotel.feature:6)
&amp#27;[0m
  &amp#27;[36mWhen &amp#27;[0m&amp#27;[36muser click the Search Button&amp#27;[0m                                                                                                        &amp#27;[90m# stepDefinition.Search_Hotel.user_click_the_search_button()&amp#27;[0m
  &amp#27;[36mThen &amp#27;[0m&amp#27;[36mselect the hotel&amp#27;[0m                                                                                                                    &amp#27;[90m# stepDefinition.Select_Hotel.select_the_hotel()&amp#27;[0m
  &amp#27;[36mAnd &amp#27;[0m&amp#27;[36mclick the continue button&amp#27;[0m                                                                                                            &amp#27;[90m# stepDefinition.Select_Hotel.click_the_continue_button()&amp#27;[0m
  &amp#27;[36mAnd &amp#27;[0m&amp#27;[36muser enter the following depends &amp#27;[0m&amp#27;[36m&amp#27;[1m"Sakthi"&amp#27;[0m&amp#27;[36m,&amp#27;[0m&amp#27;[36m&amp#27;[1m"Balan"&amp#27;[0m&amp#27;[36m,&amp#27;[0m&amp#27;[36m&amp#27;[1m"f2ESkayHomes"&amp#27;[0m&amp#27;[36m,&amp#27;[0m&amp#27;[36m&amp#27;[1m"4567123409781234"&amp#27;[0m&amp#27;[36m,&amp#27;[0m&amp#27;[36m&amp#27;[1m"VISA"&amp#27;[0m&amp#27;[36m,&amp#27;[0m&amp#27;[36m&amp#27;[1m"January"&amp#27;[0m&amp#27;[36m,&amp#27;[0m&amp#27;[36m&amp#27;[1m"2024"&amp#27;[0m&amp#27;[36m,&amp#27;[0m&amp#27;[36m&amp#27;[1m"777"&amp#27;[0m                    &amp#27;[90m# stepDefinition.Book_Hotel.user_enter_the_following_depends(java.lang.String,java.lang.String,java.lang.String,java.lang.String,java.lang.String,java.lang.String,java.lang.String,java.lang.String)&amp#27;[0m
  &amp#27;[36mThen &amp#27;[0m&amp#27;[36muser click the BookNow button&amp#27;[0m                                                                                                       &amp#27;[90m# stepDefinition.Book_Hotel.user_click_the_book_now_button()&amp#27;[0m
]]></system-out>
    <system-err><![CDATA[SLF4J: Failed to load class "org.slf4j.impl.StaticLoggerBinder".
SLF4J: Defaulting to no-operation (NOP) logger implementation
SLF4J: See http://www.slf4j.org/codes.html#StaticLoggerBinder for further details.
Jul 04, 2024 2:51:53 PM org.openqa.selenium.devtools.CdpVersionFinder findNearestMatch
WARNING: Unable to find CDP implementation matching 126
Jul 04, 2024 2:51:53 PM org.openqa.selenium.chromium.ChromiumDriver lambda$new$5
WARNING: Unable to find version of CDP to use for 126.0.6478.127. You may need to include a dependency on a specific version of the CDP using something similar to `org.seleniumhq.selenium:selenium-devtools-v86:4.15.0` where the version ("v86") matches the version of the chromium-based browser you're using and the version number of the artifact is the same as Selenium's.
]]></system-err>
  </testcase>
  <testcase name="runScenario[&quot;&quot;, &quot;CancleBooking Hotel&quot;](2)" classname="runner.TestRunnerTestNG" time="5.583">
    <failure message="Unable to find element with locator By.id: location&#10;For documentation on this error, please visit: https://www.selenium.dev/documentation/webdriver/troubleshooting/errors#no-such-element-exception&#10;Build info: version: &apos;4.15.0&apos;, revision: &apos;1d14b5521b&apos;&#10;System info: os.name: &apos;Windows 11&apos;, os.arch: &apos;amd64&apos;, os.version: &apos;10.0&apos;, java.version: &apos;17.0.11&apos;&#10;Driver info: driver.version: RemoteWebDriver" type="org.openqa.selenium.NoSuchElementException"><![CDATA[org.openqa.selenium.NoSuchElementException: 
Unable to find element with locator By.id: location
For documentation on this error, please visit: https://www.selenium.dev/documentation/webdriver/troubleshooting/errors#no-such-element-exception
Build info: version: '4.15.0', revision: '1d14b5521b'
System info: os.name: 'Windows 11', os.arch: 'amd64', os.version: '10.0', java.version: '17.0.11'
Driver info: driver.version: RemoteWebDriver
	at org.openqa.selenium.remote.ElementLocation$ElementFinder$2.findElement(ElementLocation.java:168)
	at org.openqa.selenium.remote.ElementLocation.findElement(ElementLocation.java:59)
	at org.openqa.selenium.remote.RemoteWebDriver.findElement(RemoteWebDriver.java:364)
	at org.openqa.selenium.remote.RemoteWebDriver.findElement(RemoteWebDriver.java:358)
	at org.openqa.selenium.support.pagefactory.DefaultElementLocator.findElement(DefaultElementLocator.java:68)
	at org.openqa.selenium.support.pagefactory.internal.LocatingElementHandler.invoke(LocatingElementHandler.java:38)
	at jdk.proxy2/jdk.proxy2.$Proxy25.getTagName(Unknown Source)
	at org.openqa.selenium.support.ui.Select.<init>(Select.java:43)
	at base.Base.selectbyvalue(Base.java:23)
	at PageObjectModel.Search_hotel_Page.searchhotel(Search_hotel_Page.java:80)
	at stepDefinition.Search_Hotel.user_search_the_hotel_following_depends(Search_Hotel.java:13)
	at ✽.user search the hotel following depends "London","Hotel Sunshine","Double","2 - Two","18/09/2023","19/09/2023","2 - Two","2 - Two"(file:///C:/Users/Lenovo/eclipse-workspace/AdactinHotel/src/test/resources/Features/Cancelbooking.feature:6)
]]></failure>
    <system-out><![CDATA[
Scenario Outline:                                                                                                                          &amp#27;[90m# src/test/resources/Features/Cancelbooking.feature:17&amp#27;[0m
  &amp#27;[32mGiven &amp#27;[0m&amp#27;[32muser should perform login with &amp#27;[0m&amp#27;[32m&amp#27;[1m"SrihariMahendran"&amp#27;[0m&amp#27;[32m and &amp#27;[0m&amp#27;[32m&amp#27;[1m"India@2024"&amp#27;[0m                                                                 &amp#27;[90m# stepDefinition.First_page.user_should_perform_login_with_and(java.lang.String,java.lang.String)&amp#27;[0m
ok
  &amp#27;[32mWhen &amp#27;[0m&amp#27;[32muser click the login button&amp#27;[0m                                                                                                         &amp#27;[90m# stepDefinition.First_page.user_click_the_login_button()&amp#27;[0m
  &amp#27;[31mGiven &amp#27;[0m&amp#27;[31muser search the hotel following depends &amp#27;[0m&amp#27;[31m&amp#27;[1m"London"&amp#27;[0m&amp#27;[31m,&amp#27;[0m&amp#27;[31m&amp#27;[1m"Hotel Sunshine"&amp#27;[0m&amp#27;[31m,&amp#27;[0m&amp#27;[31m&amp#27;[1m"Double"&amp#27;[0m&amp#27;[31m,&amp#27;[0m&amp#27;[31m&amp#27;[1m"2 - Two"&amp#27;[0m&amp#27;[31m,&amp#27;[0m&amp#27;[31m&amp#27;[1m"18/09/2023"&amp#27;[0m&amp#27;[31m,&amp#27;[0m&amp#27;[31m&amp#27;[1m"19/09/2023"&amp#27;[0m&amp#27;[31m,&amp#27;[0m&amp#27;[31m&amp#27;[1m"2 - Two"&amp#27;[0m&amp#27;[31m,&amp#27;[0m&amp#27;[31m&amp#27;[1m"2 - Two"&amp#27;[0m &amp#27;[90m# stepDefinition.Search_Hotel.user_search_the_hotel_following_depends(java.lang.String,java.lang.String,java.lang.String,java.lang.String,java.lang.String,java.lang.String,java.lang.String,java.lang.String)&amp#27;[0m
      &amp#27;[31morg.openqa.selenium.NoSuchElementException: Unable to find element with locator By.id: location
For documentation on this error, please visit: https://www.selenium.dev/documentation/webdriver/troubleshooting/errors#no-such-element-exception
Build info: version: '4.15.0', revision: '1d14b5521b'
System info: os.name: 'Windows 11', os.arch: 'amd64', os.version: '10.0', java.version: '17.0.11'
Driver info: driver.version: RemoteWebDriver
	at org.openqa.selenium.remote.ElementLocation$ElementFinder$2.findElement(ElementLocation.java:168)
	at org.openqa.selenium.remote.ElementLocation.findElement(ElementLocation.java:59)
	at org.openqa.selenium.remote.RemoteWebDriver.findElement(RemoteWebDriver.java:364)
	at org.openqa.selenium.remote.RemoteWebDriver.findElement(RemoteWebDriver.java:358)
	at org.openqa.selenium.support.pagefactory.DefaultElementLocator.findElement(DefaultElementLocator.java:68)
	at org.openqa.selenium.support.pagefactory.internal.LocatingElementHandler.invoke(LocatingElementHandler.java:38)
	at jdk.proxy2/jdk.proxy2.$Proxy25.getTagName(Unknown Source)
	at org.openqa.selenium.support.ui.Select.<init>(Select.java:43)
	at base.Base.selectbyvalue(Base.java:23)
	at PageObjectModel.Search_hotel_Page.searchhotel(Search_hotel_Page.java:80)
	at stepDefinition.Search_Hotel.user_search_the_hotel_following_depends(Search_Hotel.java:13)
	at âœ½.user search the hotel following depends "London","Hotel Sunshine","Double","2 - Two","18/09/2023","19/09/2023","2 - Two","2 - Two"(file:///C:/Users/Lenovo/eclipse-workspace/AdactinHotel/src/test/resources/Features/Cancelbooking.feature:6)
&amp#27;[0m
  &amp#27;[36mWhen &amp#27;[0m&amp#27;[36muser click the Search Button&amp#27;[0m                                                                                                        &amp#27;[90m# stepDefinition.Search_Hotel.user_click_the_search_button()&amp#27;[0m
  &amp#27;[36mThen &amp#27;[0m&amp#27;[36mselect the hotel&amp#27;[0m                                                                                                                    &amp#27;[90m# stepDefinition.Select_Hotel.select_the_hotel()&amp#27;[0m
  &amp#27;[36mAnd &amp#27;[0m&amp#27;[36mclick the continue button&amp#27;[0m                                                                                                            &amp#27;[90m# stepDefinition.Select_Hotel.click_the_continue_button()&amp#27;[0m
  &amp#27;[36mAnd &amp#27;[0m&amp#27;[36muser enter the following depends &amp#27;[0m&amp#27;[36m&amp#27;[1m"Sakthi"&amp#27;[0m&amp#27;[36m,&amp#27;[0m&amp#27;[36m&amp#27;[1m"Balan"&amp#27;[0m&amp#27;[36m,&amp#27;[0m&amp#27;[36m&amp#27;[1m"f2ESkayHomes"&amp#27;[0m&amp#27;[36m,&amp#27;[0m&amp#27;[36m&amp#27;[1m"4567123409781234"&amp#27;[0m&amp#27;[36m,&amp#27;[0m&amp#27;[36m&amp#27;[1m"VISA"&amp#27;[0m&amp#27;[36m,&amp#27;[0m&amp#27;[36m&amp#27;[1m"January"&amp#27;[0m&amp#27;[36m,&amp#27;[0m&amp#27;[36m&amp#27;[1m"2024"&amp#27;[0m&amp#27;[36m,&amp#27;[0m&amp#27;[36m&amp#27;[1m"777"&amp#27;[0m                    &amp#27;[90m# stepDefinition.Book_Hotel.user_enter_the_following_depends(java.lang.String,java.lang.String,java.lang.String,java.lang.String,java.lang.String,java.lang.String,java.lang.String,java.lang.String)&amp#27;[0m
  &amp#27;[36mThen &amp#27;[0m&amp#27;[36muser click the BookNow button&amp#27;[0m                                                                                                       &amp#27;[90m# stepDefinition.Book_Hotel.user_click_the_book_now_button()&amp#27;[0m
  &amp#27;[36mAnd &amp#27;[0m&amp#27;[36mclick mylitenary button and select the order id click the cancel button&amp#27;[0m                                                              &amp#27;[90m# stepDefinition.CancelBooking.click_mylitenary_button_and_select_the_order_id_click_the_cancel_button()&amp#27;[0m
  &amp#27;[36mThen &amp#27;[0m&amp#27;[36mclick ok confirmation alert and click logout button&amp#27;[0m                                                                                 &amp#27;[90m# stepDefinition.CancelBooking.click_ok_confirmation_alert_and_click_logout_button()&amp#27;[0m
]]></system-out>
    <system-err><![CDATA[Jul 04, 2024 2:52:02 PM org.openqa.selenium.devtools.CdpVersionFinder findNearestMatch
WARNING: Unable to find CDP implementation matching 126
Jul 04, 2024 2:52:02 PM org.openqa.selenium.chromium.ChromiumDriver lambda$new$5
WARNING: Unable to find version of CDP to use for 126.0.6478.127. You may need to include a dependency on a specific version of the CDP using something similar to `org.seleniumhq.selenium:selenium-devtools-v86:4.15.0` where the version ("v86") matches the version of the chromium-based browser you're using and the version number of the artifact is the same as Selenium's.
]]></system-err>
  </testcase>
  <testcase name="runScenario[&quot;user booking room&quot;, &quot;user booking room in hotel&quot;](3)" classname="runner.TestRunnerTestNG" time="2.706">
    <failure message="no such window: target window already closed&#10;from unknown error: web view not found&#10;  (Session info: chrome=126.0.6478.127)&#10;Build info: version: &apos;4.15.0&apos;, revision: &apos;1d14b5521b&apos;&#10;System info: os.name: &apos;Windows 11&apos;, os.arch: &apos;amd64&apos;, os.version: &apos;10.0&apos;, java.version: &apos;17.0.11&apos;&#10;Driver info: org.openqa.selenium.chrome.ChromeDriver&#10;Command: [e39d7c4d54af80feb1fa700ed5b39899, findElement {using=id, value=username}]&#10;Capabilities {acceptInsecureCerts: false, browserName: chrome, browserVersion: 126.0.6478.127, chrome: {chromedriverVersion: 126.0.6478.126 (d36ace6122e..., userDataDir: C:\WINDOWS\SystemTemp\scope...}, fedcm:accounts: true, goog:chromeOptions: {debuggerAddress: localhost:64527}, networkConnectionEnabled: false, pageLoadStrategy: normal, platformName: windows, proxy: Proxy(), se:cdp: ws://localhost:64527/devtoo..., se:cdpVersion: 126.0.6478.127, setWindowRect: true, strictFileInteractability: false, timeouts: {implicit: 0, pageLoad: 300000, script: 30000}, unhandledPromptBehavior: dismiss and notify, webauthn:extension:credBlob: true, webauthn:extension:largeBlob: true, webauthn:extension:minPinLength: true, webauthn:extension:prf: true, webauthn:virtualAuthenticators: true}&#10;Session ID: e39d7c4d54af80feb1fa700ed5b39899" type="org.openqa.selenium.NoSuchWindowException"><![CDATA[org.openqa.selenium.NoSuchWindowException: 
no such window: target window already closed
from unknown error: web view not found
  (Session info: chrome=126.0.6478.127)
Build info: version: '4.15.0', revision: '1d14b5521b'
System info: os.name: 'Windows 11', os.arch: 'amd64', os.version: '10.0', java.version: '17.0.11'
Driver info: org.openqa.selenium.chrome.ChromeDriver
Command: [e39d7c4d54af80feb1fa700ed5b39899, findElement {using=id, value=username}]
Capabilities {acceptInsecureCerts: false, browserName: chrome, browserVersion: 126.0.6478.127, chrome: {chromedriverVersion: 126.0.6478.126 (d36ace6122e..., userDataDir: C:\WINDOWS\SystemTemp\scope...}, fedcm:accounts: true, goog:chromeOptions: {debuggerAddress: localhost:64527}, networkConnectionEnabled: false, pageLoadStrategy: normal, platformName: windows, proxy: Proxy(), se:cdp: ws://localhost:64527/devtoo..., se:cdpVersion: 126.0.6478.127, setWindowRect: true, strictFileInteractability: false, timeouts: {implicit: 0, pageLoad: 300000, script: 30000}, unhandledPromptBehavior: dismiss and notify, webauthn:extension:credBlob: true, webauthn:extension:largeBlob: true, webauthn:extension:minPinLength: true, webauthn:extension:prf: true, webauthn:virtualAuthenticators: true}
Session ID: e39d7c4d54af80feb1fa700ed5b39899
	at java.base/jdk.internal.reflect.NativeConstructorAccessorImpl.newInstance0(Native Method)
	at java.base/jdk.internal.reflect.NativeConstructorAccessorImpl.newInstance(NativeConstructorAccessorImpl.java:77)
	at java.base/jdk.internal.reflect.DelegatingConstructorAccessorImpl.newInstance(DelegatingConstructorAccessorImpl.java:45)
	at java.base/java.lang.reflect.Constructor.newInstanceWithCaller(Constructor.java:499)
	at java.base/java.lang.reflect.Constructor.newInstance(Constructor.java:480)
	at org.openqa.selenium.remote.codec.w3c.W3CHttpResponseCodec.createException(W3CHttpResponseCodec.java:200)
	at org.openqa.selenium.remote.codec.w3c.W3CHttpResponseCodec.decode(W3CHttpResponseCodec.java:133)
	at org.openqa.selenium.remote.codec.w3c.W3CHttpResponseCodec.decode(W3CHttpResponseCodec.java:52)
	at org.openqa.selenium.remote.HttpCommandExecutor.execute(HttpCommandExecutor.java:191)
	at org.openqa.selenium.remote.service.DriverCommandExecutor.invokeExecute(DriverCommandExecutor.java:200)
	at org.openqa.selenium.remote.service.DriverCommandExecutor.execute(DriverCommandExecutor.java:175)
	at org.openqa.selenium.remote.RemoteWebDriver.execute(RemoteWebDriver.java:607)
	at org.openqa.selenium.remote.ElementLocation$ElementFinder$2.findElement(ElementLocation.java:165)
	at org.openqa.selenium.remote.ElementLocation.findElement(ElementLocation.java:66)
	at org.openqa.selenium.remote.RemoteWebDriver.findElement(RemoteWebDriver.java:364)
	at org.openqa.selenium.remote.RemoteWebDriver.findElement(RemoteWebDriver.java:358)
	at org.openqa.selenium.support.pagefactory.DefaultElementLocator.findElement(DefaultElementLocator.java:68)
	at org.openqa.selenium.support.pagefactory.internal.LocatingElementHandler.invoke(LocatingElementHandler.java:38)
	at jdk.proxy2/jdk.proxy2.$Proxy25.click(Unknown Source)
	at base.Base.EnterText(Base.java:17)
	at PageObjectModel.LoginPage.loginhotel(LoginPage.java:37)
	at stepDefinition.First_page.user_should_perform_login_with_and(First_page.java:12)
	at ✽.user should perform login with "SrihariMahendran" and "India@2024"(file:///C:/Users/Lenovo/eclipse-workspace/AdactinHotel/src/test/resources/Features/Login_hotel.feature:4)
]]></failure>
    <system-out><![CDATA[
Scenario Outline: user booking room                                        &amp#27;[90m# src/test/resources/Features/Login_hotel.feature:9&amp#27;[0m
  &amp#27;[31mGiven &amp#27;[0m&amp#27;[31muser should perform login with &amp#27;[0m&amp#27;[31m&amp#27;[1m"SrihariMahendran"&amp#27;[0m&amp#27;[31m and &amp#27;[0m&amp#27;[31m&amp#27;[1m"India@2024"&amp#27;[0m &amp#27;[90m# stepDefinition.First_page.user_should_perform_login_with_and(java.lang.String,java.lang.String)&amp#27;[0m
      &amp#27;[31morg.openqa.selenium.NoSuchWindowException: no such window: target window already closed
from unknown error: web view not found
  (Session info: chrome=126.0.6478.127)
Build info: version: '4.15.0', revision: '1d14b5521b'
System info: os.name: 'Windows 11', os.arch: 'amd64', os.version: '10.0', java.version: '17.0.11'
Driver info: org.openqa.selenium.chrome.ChromeDriver
Command: [e39d7c4d54af80feb1fa700ed5b39899, findElement {using=id, value=username}]
Capabilities {acceptInsecureCerts: false, browserName: chrome, browserVersion: 126.0.6478.127, chrome: {chromedriverVersion: 126.0.6478.126 (d36ace6122e..., userDataDir: C:\WINDOWS\SystemTemp\scope...}, fedcm:accounts: true, goog:chromeOptions: {debuggerAddress: localhost:64527}, networkConnectionEnabled: false, pageLoadStrategy: normal, platformName: windows, proxy: Proxy(), se:cdp: ws://localhost:64527/devtoo..., se:cdpVersion: 126.0.6478.127, setWindowRect: true, strictFileInteractability: false, timeouts: {implicit: 0, pageLoad: 300000, script: 30000}, unhandledPromptBehavior: dismiss and notify, webauthn:extension:credBlob: true, webauthn:extension:largeBlob: true, webauthn:extension:minPinLength: true, webauthn:extension:prf: true, webauthn:virtualAuthenticators: true}
Session ID: e39d7c4d54af80feb1fa700ed5b39899
	at java.base/jdk.internal.reflect.NativeConstructorAccessorImpl.newInstance0(Native Method)
	at java.base/jdk.internal.reflect.NativeConstructorAccessorImpl.newInstance(NativeConstructorAccessorImpl.java:77)
	at java.base/jdk.internal.reflect.DelegatingConstructorAccessorImpl.newInstance(DelegatingConstructorAccessorImpl.java:45)
	at java.base/java.lang.reflect.Constructor.newInstanceWithCaller(Constructor.java:499)
	at java.base/java.lang.reflect.Constructor.newInstance(Constructor.java:480)
	at org.openqa.selenium.remote.codec.w3c.W3CHttpResponseCodec.createException(W3CHttpResponseCodec.java:200)
	at org.openqa.selenium.remote.codec.w3c.W3CHttpResponseCodec.decode(W3CHttpResponseCodec.java:133)
	at org.openqa.selenium.remote.codec.w3c.W3CHttpResponseCodec.decode(W3CHttpResponseCodec.java:52)
	at org.openqa.selenium.remote.HttpCommandExecutor.execute(HttpCommandExecutor.java:191)
	at org.openqa.selenium.remote.service.DriverCommandExecutor.invokeExecute(DriverCommandExecutor.java:200)
	at org.openqa.selenium.remote.service.DriverCommandExecutor.execute(DriverCommandExecutor.java:175)
	at org.openqa.selenium.remote.RemoteWebDriver.execute(RemoteWebDriver.java:607)
	at org.openqa.selenium.remote.ElementLocation$ElementFinder$2.findElement(ElementLocation.java:165)
	at org.openqa.selenium.remote.ElementLocation.findElement(ElementLocation.java:66)
	at org.openqa.selenium.remote.RemoteWebDriver.findElement(RemoteWebDriver.java:364)
	at org.openqa.selenium.remote.RemoteWebDriver.findElement(RemoteWebDriver.java:358)
	at org.openqa.selenium.support.pagefactory.DefaultElementLocator.findElement(DefaultElementLocator.java:68)
	at org.openqa.selenium.support.pagefactory.internal.LocatingElementHandler.invoke(LocatingElementHandler.java:38)
	at jdk.proxy2/jdk.proxy2.$Proxy25.click(Unknown Source)
	at base.Base.EnterText(Base.java:17)
	at PageObjectModel.LoginPage.loginhotel(LoginPage.java:37)
	at stepDefinition.First_page.user_should_perform_login_with_and(First_page.java:12)
	at âœ½.user should perform login with "SrihariMahendran" and "India@2024"(file:///C:/Users/Lenovo/eclipse-workspace/AdactinHotel/src/test/resources/Features/Login_hotel.feature:4)
&amp#27;[0m
  &amp#27;[36mWhen &amp#27;[0m&amp#27;[36muser click the login button&amp#27;[0m                                         &amp#27;[90m# stepDefinition.First_page.user_click_the_login_button()&amp#27;[0m
]]></system-out>
    <system-err><![CDATA[Jul 04, 2024 2:52:08 PM org.openqa.selenium.devtools.CdpVersionFinder findNearestMatch
WARNING: Unable to find CDP implementation matching 126
Jul 04, 2024 2:52:08 PM org.openqa.selenium.chromium.ChromiumDriver lambda$new$5
WARNING: Unable to find version of CDP to use for 126.0.6478.127. You may need to include a dependency on a specific version of the CDP using something similar to `org.seleniumhq.selenium:selenium-devtools-v86:4.15.0` where the version ("v86") matches the version of the chromium-based browser you're using and the version number of the artifact is the same as Selenium's.
]]></system-err>
  </testcase>
  <testcase name="runScenario[&quot;user search the hotel&quot;, &quot;user Expolre the Hotel&quot;](4)" classname="runner.TestRunnerTestNG" time="4.077">
    <failure message="Unable to find element with locator By.id: location&#10;For documentation on this error, please visit: https://www.selenium.dev/documentation/webdriver/troubleshooting/errors#no-such-element-exception&#10;Build info: version: &apos;4.15.0&apos;, revision: &apos;1d14b5521b&apos;&#10;System info: os.name: &apos;Windows 11&apos;, os.arch: &apos;amd64&apos;, os.version: &apos;10.0&apos;, java.version: &apos;17.0.11&apos;&#10;Driver info: driver.version: RemoteWebDriver" type="org.openqa.selenium.NoSuchElementException"><![CDATA[org.openqa.selenium.NoSuchElementException: 
Unable to find element with locator By.id: location
For documentation on this error, please visit: https://www.selenium.dev/documentation/webdriver/troubleshooting/errors#no-such-element-exception
Build info: version: '4.15.0', revision: '1d14b5521b'
System info: os.name: 'Windows 11', os.arch: 'amd64', os.version: '10.0', java.version: '17.0.11'
Driver info: driver.version: RemoteWebDriver
	at org.openqa.selenium.remote.ElementLocation$ElementFinder$2.findElement(ElementLocation.java:168)
	at org.openqa.selenium.remote.ElementLocation.findElement(ElementLocation.java:59)
	at org.openqa.selenium.remote.RemoteWebDriver.findElement(RemoteWebDriver.java:364)
	at org.openqa.selenium.remote.RemoteWebDriver.findElement(RemoteWebDriver.java:358)
	at org.openqa.selenium.support.pagefactory.DefaultElementLocator.findElement(DefaultElementLocator.java:68)
	at org.openqa.selenium.support.pagefactory.internal.LocatingElementHandler.invoke(LocatingElementHandler.java:38)
	at jdk.proxy2/jdk.proxy2.$Proxy25.getTagName(Unknown Source)
	at org.openqa.selenium.support.ui.Select.<init>(Select.java:43)
	at base.Base.selectbyvalue(Base.java:23)
	at PageObjectModel.Search_hotel_Page.searchhotel(Search_hotel_Page.java:80)
	at stepDefinition.Search_Hotel.user_search_the_hotel_following_depends(Search_Hotel.java:13)
	at ✽.user search the hotel following depends "London","Hotel Sunshine","Double","2 - Two","18/09/2023","19/09/2023","2 - Two","2 - Two"(file:///C:/Users/Lenovo/eclipse-workspace/AdactinHotel/src/test/resources/Features/Search_Hotel.feature:6)
]]></failure>
    <system-out><![CDATA[
Scenario Outline: user search the hotel                                                                                                    &amp#27;[90m# src/test/resources/Features/Search_Hotel.feature:11&amp#27;[0m
  &amp#27;[32mGiven &amp#27;[0m&amp#27;[32muser should perform login with &amp#27;[0m&amp#27;[32m&amp#27;[1m"SrihariMahendran"&amp#27;[0m&amp#27;[32m and &amp#27;[0m&amp#27;[32m&amp#27;[1m"India@2024"&amp#27;[0m                                                                 &amp#27;[90m# stepDefinition.First_page.user_should_perform_login_with_and(java.lang.String,java.lang.String)&amp#27;[0m
ok
  &amp#27;[32mWhen &amp#27;[0m&amp#27;[32muser click the login button&amp#27;[0m                                                                                                         &amp#27;[90m# stepDefinition.First_page.user_click_the_login_button()&amp#27;[0m
  &amp#27;[31mGiven &amp#27;[0m&amp#27;[31muser search the hotel following depends &amp#27;[0m&amp#27;[31m&amp#27;[1m"London"&amp#27;[0m&amp#27;[31m,&amp#27;[0m&amp#27;[31m&amp#27;[1m"Hotel Sunshine"&amp#27;[0m&amp#27;[31m,&amp#27;[0m&amp#27;[31m&amp#27;[1m"Double"&amp#27;[0m&amp#27;[31m,&amp#27;[0m&amp#27;[31m&amp#27;[1m"2 - Two"&amp#27;[0m&amp#27;[31m,&amp#27;[0m&amp#27;[31m&amp#27;[1m"18/09/2023"&amp#27;[0m&amp#27;[31m,&amp#27;[0m&amp#27;[31m&amp#27;[1m"19/09/2023"&amp#27;[0m&amp#27;[31m,&amp#27;[0m&amp#27;[31m&amp#27;[1m"2 - Two"&amp#27;[0m&amp#27;[31m,&amp#27;[0m&amp#27;[31m&amp#27;[1m"2 - Two"&amp#27;[0m &amp#27;[90m# stepDefinition.Search_Hotel.user_search_the_hotel_following_depends(java.lang.String,java.lang.String,java.lang.String,java.lang.String,java.lang.String,java.lang.String,java.lang.String,java.lang.String)&amp#27;[0m
      &amp#27;[31morg.openqa.selenium.NoSuchElementException: Unable to find element with locator By.id: location
For documentation on this error, please visit: https://www.selenium.dev/documentation/webdriver/troubleshooting/errors#no-such-element-exception
Build info: version: '4.15.0', revision: '1d14b5521b'
System info: os.name: 'Windows 11', os.arch: 'amd64', os.version: '10.0', java.version: '17.0.11'
Driver info: driver.version: RemoteWebDriver
	at org.openqa.selenium.remote.ElementLocation$ElementFinder$2.findElement(ElementLocation.java:168)
	at org.openqa.selenium.remote.ElementLocation.findElement(ElementLocation.java:59)
	at org.openqa.selenium.remote.RemoteWebDriver.findElement(RemoteWebDriver.java:364)
	at org.openqa.selenium.remote.RemoteWebDriver.findElement(RemoteWebDriver.java:358)
	at org.openqa.selenium.support.pagefactory.DefaultElementLocator.findElement(DefaultElementLocator.java:68)
	at org.openqa.selenium.support.pagefactory.internal.LocatingElementHandler.invoke(LocatingElementHandler.java:38)
	at jdk.proxy2/jdk.proxy2.$Proxy25.getTagName(Unknown Source)
	at org.openqa.selenium.support.ui.Select.<init>(Select.java:43)
	at base.Base.selectbyvalue(Base.java:23)
	at PageObjectModel.Search_hotel_Page.searchhotel(Search_hotel_Page.java:80)
	at stepDefinition.Search_Hotel.user_search_the_hotel_following_depends(Search_Hotel.java:13)
	at âœ½.user search the hotel following depends "London","Hotel Sunshine","Double","2 - Two","18/09/2023","19/09/2023","2 - Two","2 - Two"(file:///C:/Users/Lenovo/eclipse-workspace/AdactinHotel/src/test/resources/Features/Search_Hotel.feature:6)
&amp#27;[0m
  &amp#27;[36mWhen &amp#27;[0m&amp#27;[36muser click the Search Button&amp#27;[0m                                                                                                        &amp#27;[90m# stepDefinition.Search_Hotel.user_click_the_search_button()&amp#27;[0m
]]></system-out>
    <system-err><![CDATA[Jul 04, 2024 2:52:10 PM org.openqa.selenium.devtools.CdpVersionFinder findNearestMatch
WARNING: Unable to find CDP implementation matching 126
Jul 04, 2024 2:52:10 PM org.openqa.selenium.chromium.ChromiumDriver lambda$new$5
WARNING: Unable to find version of CDP to use for 126.0.6478.127. You may need to include a dependency on a specific version of the CDP using something similar to `org.seleniumhq.selenium:selenium-devtools-v86:4.15.0` where the version ("v86") matches the version of the chromium-based browser you're using and the version number of the artifact is the same as Selenium's.
]]></system-err>
  </testcase>
  <testcase name="runScenario[&quot;&quot;, &quot;user select the hotel&quot;](5)" classname="runner.TestRunnerTestNG" time="3.746">
    <failure message="no such window: target window already closed&#10;from unknown error: web view not found&#10;  (Session info: chrome=126.0.6478.127)&#10;Build info: version: &apos;4.15.0&apos;, revision: &apos;1d14b5521b&apos;&#10;System info: os.name: &apos;Windows 11&apos;, os.arch: &apos;amd64&apos;, os.version: &apos;10.0&apos;, java.version: &apos;17.0.11&apos;&#10;Driver info: org.openqa.selenium.chrome.ChromeDriver&#10;Command: [aac2d1ec128eac6a63c3332002d9f6a9, findElement {using=id, value=location}]&#10;Capabilities {acceptInsecureCerts: false, browserName: chrome, browserVersion: 126.0.6478.127, chrome: {chromedriverVersion: 126.0.6478.126 (d36ace6122e..., userDataDir: C:\WINDOWS\SystemTemp\scope...}, fedcm:accounts: true, goog:chromeOptions: {debuggerAddress: localhost:64629}, networkConnectionEnabled: false, pageLoadStrategy: normal, platformName: windows, proxy: Proxy(), se:cdp: ws://localhost:64629/devtoo..., se:cdpVersion: 126.0.6478.127, setWindowRect: true, strictFileInteractability: false, timeouts: {implicit: 0, pageLoad: 300000, script: 30000}, unhandledPromptBehavior: dismiss and notify, webauthn:extension:credBlob: true, webauthn:extension:largeBlob: true, webauthn:extension:minPinLength: true, webauthn:extension:prf: true, webauthn:virtualAuthenticators: true}&#10;Session ID: aac2d1ec128eac6a63c3332002d9f6a9" type="org.openqa.selenium.NoSuchWindowException"><![CDATA[org.openqa.selenium.NoSuchWindowException: 
no such window: target window already closed
from unknown error: web view not found
  (Session info: chrome=126.0.6478.127)
Build info: version: '4.15.0', revision: '1d14b5521b'
System info: os.name: 'Windows 11', os.arch: 'amd64', os.version: '10.0', java.version: '17.0.11'
Driver info: org.openqa.selenium.chrome.ChromeDriver
Command: [aac2d1ec128eac6a63c3332002d9f6a9, findElement {using=id, value=location}]
Capabilities {acceptInsecureCerts: false, browserName: chrome, browserVersion: 126.0.6478.127, chrome: {chromedriverVersion: 126.0.6478.126 (d36ace6122e..., userDataDir: C:\WINDOWS\SystemTemp\scope...}, fedcm:accounts: true, goog:chromeOptions: {debuggerAddress: localhost:64629}, networkConnectionEnabled: false, pageLoadStrategy: normal, platformName: windows, proxy: Proxy(), se:cdp: ws://localhost:64629/devtoo..., se:cdpVersion: 126.0.6478.127, setWindowRect: true, strictFileInteractability: false, timeouts: {implicit: 0, pageLoad: 300000, script: 30000}, unhandledPromptBehavior: dismiss and notify, webauthn:extension:credBlob: true, webauthn:extension:largeBlob: true, webauthn:extension:minPinLength: true, webauthn:extension:prf: true, webauthn:virtualAuthenticators: true}
Session ID: aac2d1ec128eac6a63c3332002d9f6a9
	at java.base/jdk.internal.reflect.NativeConstructorAccessorImpl.newInstance0(Native Method)
	at java.base/jdk.internal.reflect.NativeConstructorAccessorImpl.newInstance(NativeConstructorAccessorImpl.java:77)
	at java.base/jdk.internal.reflect.DelegatingConstructorAccessorImpl.newInstance(DelegatingConstructorAccessorImpl.java:45)
	at java.base/java.lang.reflect.Constructor.newInstanceWithCaller(Constructor.java:499)
	at java.base/java.lang.reflect.Constructor.newInstance(Constructor.java:480)
	at org.openqa.selenium.remote.codec.w3c.W3CHttpResponseCodec.createException(W3CHttpResponseCodec.java:200)
	at org.openqa.selenium.remote.codec.w3c.W3CHttpResponseCodec.decode(W3CHttpResponseCodec.java:133)
	at org.openqa.selenium.remote.codec.w3c.W3CHttpResponseCodec.decode(W3CHttpResponseCodec.java:52)
	at org.openqa.selenium.remote.HttpCommandExecutor.execute(HttpCommandExecutor.java:191)
	at org.openqa.selenium.remote.service.DriverCommandExecutor.invokeExecute(DriverCommandExecutor.java:200)
	at org.openqa.selenium.remote.service.DriverCommandExecutor.execute(DriverCommandExecutor.java:175)
	at org.openqa.selenium.remote.RemoteWebDriver.execute(RemoteWebDriver.java:607)
	at org.openqa.selenium.remote.ElementLocation$ElementFinder$2.findElement(ElementLocation.java:165)
	at org.openqa.selenium.remote.ElementLocation.findElement(ElementLocation.java:59)
	at org.openqa.selenium.remote.RemoteWebDriver.findElement(RemoteWebDriver.java:364)
	at org.openqa.selenium.remote.RemoteWebDriver.findElement(RemoteWebDriver.java:358)
	at org.openqa.selenium.support.pagefactory.DefaultElementLocator.findElement(DefaultElementLocator.java:68)
	at org.openqa.selenium.support.pagefactory.internal.LocatingElementHandler.invoke(LocatingElementHandler.java:38)
	at jdk.proxy2/jdk.proxy2.$Proxy25.getTagName(Unknown Source)
	at org.openqa.selenium.support.ui.Select.<init>(Select.java:43)
	at base.Base.selectbyvalue(Base.java:23)
	at PageObjectModel.Search_hotel_Page.searchhotel(Search_hotel_Page.java:80)
	at stepDefinition.Search_Hotel.user_search_the_hotel_following_depends(Search_Hotel.java:13)
	at ✽.user search the hotel following depends "London","Hotel Sunshine","Double","2 - Two","18/09/2023","19/09/2023","2 - Two","2 - Two"(file:///C:/Users/Lenovo/eclipse-workspace/AdactinHotel/src/test/resources/Features/Select_Hotel.feature:6)
]]></failure>
    <system-out><![CDATA[
Scenario Outline:                                                                                                                          &amp#27;[90m# src/test/resources/Features/Select_Hotel.feature:13&amp#27;[0m
  &amp#27;[32mGiven &amp#27;[0m&amp#27;[32muser should perform login with &amp#27;[0m&amp#27;[32m&amp#27;[1m"SrihariMahendran"&amp#27;[0m&amp#27;[32m and &amp#27;[0m&amp#27;[32m&amp#27;[1m"India@2024"&amp#27;[0m                                                                 &amp#27;[90m# stepDefinition.First_page.user_should_perform_login_with_and(java.lang.String,java.lang.String)&amp#27;[0m
ok
  &amp#27;[32mWhen &amp#27;[0m&amp#27;[32muser click the login button&amp#27;[0m                                                                                                         &amp#27;[90m# stepDefinition.First_page.user_click_the_login_button()&amp#27;[0m
  &amp#27;[31mGiven &amp#27;[0m&amp#27;[31muser search the hotel following depends &amp#27;[0m&amp#27;[31m&amp#27;[1m"London"&amp#27;[0m&amp#27;[31m,&amp#27;[0m&amp#27;[31m&amp#27;[1m"Hotel Sunshine"&amp#27;[0m&amp#27;[31m,&amp#27;[0m&amp#27;[31m&amp#27;[1m"Double"&amp#27;[0m&amp#27;[31m,&amp#27;[0m&amp#27;[31m&amp#27;[1m"2 - Two"&amp#27;[0m&amp#27;[31m,&amp#27;[0m&amp#27;[31m&amp#27;[1m"18/09/2023"&amp#27;[0m&amp#27;[31m,&amp#27;[0m&amp#27;[31m&amp#27;[1m"19/09/2023"&amp#27;[0m&amp#27;[31m,&amp#27;[0m&amp#27;[31m&amp#27;[1m"2 - Two"&amp#27;[0m&amp#27;[31m,&amp#27;[0m&amp#27;[31m&amp#27;[1m"2 - Two"&amp#27;[0m &amp#27;[90m# stepDefinition.Search_Hotel.user_search_the_hotel_following_depends(java.lang.String,java.lang.String,java.lang.String,java.lang.String,java.lang.String,java.lang.String,java.lang.String,java.lang.String)&amp#27;[0m
      &amp#27;[31morg.openqa.selenium.NoSuchWindowException: no such window: target window already closed
from unknown error: web view not found
  (Session info: chrome=126.0.6478.127)
Build info: version: '4.15.0', revision: '1d14b5521b'
System info: os.name: 'Windows 11', os.arch: 'amd64', os.version: '10.0', java.version: '17.0.11'
Driver info: org.openqa.selenium.chrome.ChromeDriver
Command: [aac2d1ec128eac6a63c3332002d9f6a9, findElement {using=id, value=location}]
Capabilities {acceptInsecureCerts: false, browserName: chrome, browserVersion: 126.0.6478.127, chrome: {chromedriverVersion: 126.0.6478.126 (d36ace6122e..., userDataDir: C:\WINDOWS\SystemTemp\scope...}, fedcm:accounts: true, goog:chromeOptions: {debuggerAddress: localhost:64629}, networkConnectionEnabled: false, pageLoadStrategy: normal, platformName: windows, proxy: Proxy(), se:cdp: ws://localhost:64629/devtoo..., se:cdpVersion: 126.0.6478.127, setWindowRect: true, strictFileInteractability: false, timeouts: {implicit: 0, pageLoad: 300000, script: 30000}, unhandledPromptBehavior: dismiss and notify, webauthn:extension:credBlob: true, webauthn:extension:largeBlob: true, webauthn:extension:minPinLength: true, webauthn:extension:prf: true, webauthn:virtualAuthenticators: true}
Session ID: aac2d1ec128eac6a63c3332002d9f6a9
	at java.base/jdk.internal.reflect.NativeConstructorAccessorImpl.newInstance0(Native Method)
	at java.base/jdk.internal.reflect.NativeConstructorAccessorImpl.newInstance(NativeConstructorAccessorImpl.java:77)
	at java.base/jdk.internal.reflect.DelegatingConstructorAccessorImpl.newInstance(DelegatingConstructorAccessorImpl.java:45)
	at java.base/java.lang.reflect.Constructor.newInstanceWithCaller(Constructor.java:499)
	at java.base/java.lang.reflect.Constructor.newInstance(Constructor.java:480)
	at org.openqa.selenium.remote.codec.w3c.W3CHttpResponseCodec.createException(W3CHttpResponseCodec.java:200)
	at org.openqa.selenium.remote.codec.w3c.W3CHttpResponseCodec.decode(W3CHttpResponseCodec.java:133)
	at org.openqa.selenium.remote.codec.w3c.W3CHttpResponseCodec.decode(W3CHttpResponseCodec.java:52)
	at org.openqa.selenium.remote.HttpCommandExecutor.execute(HttpCommandExecutor.java:191)
	at org.openqa.selenium.remote.service.DriverCommandExecutor.invokeExecute(DriverCommandExecutor.java:200)
	at org.openqa.selenium.remote.service.DriverCommandExecutor.execute(DriverCommandExecutor.java:175)
	at org.openqa.selenium.remote.RemoteWebDriver.execute(RemoteWebDriver.java:607)
	at org.openqa.selenium.remote.ElementLocation$ElementFinder$2.findElement(ElementLocation.java:165)
	at org.openqa.selenium.remote.ElementLocation.findElement(ElementLocation.java:59)
	at org.openqa.selenium.remote.RemoteWebDriver.findElement(RemoteWebDriver.java:364)
	at org.openqa.selenium.remote.RemoteWebDriver.findElement(RemoteWebDriver.java:358)
	at org.openqa.selenium.support.pagefactory.DefaultElementLocator.findElement(DefaultElementLocator.java:68)
	at org.openqa.selenium.support.pagefactory.internal.LocatingElementHandler.invoke(LocatingElementHandler.java:38)
	at jdk.proxy2/jdk.proxy2.$Proxy25.getTagName(Unknown Source)
	at org.openqa.selenium.support.ui.Select.<init>(Select.java:43)
	at base.Base.selectbyvalue(Base.java:23)
	at PageObjectModel.Search_hotel_Page.searchhotel(Search_hotel_Page.java:80)
	at stepDefinition.Search_Hotel.user_search_the_hotel_following_depends(Search_Hotel.java:13)
	at âœ½.user search the hotel following depends "London","Hotel Sunshine","Double","2 - Two","18/09/2023","19/09/2023","2 - Two","2 - Two"(file:///C:/Users/Lenovo/eclipse-workspace/AdactinHotel/src/test/resources/Features/Select_Hotel.feature:6)
&amp#27;[0m
  &amp#27;[36mWhen &amp#27;[0m&amp#27;[36muser click the Search Button&amp#27;[0m                                                                                                        &amp#27;[90m# stepDefinition.Search_Hotel.user_click_the_search_button()&amp#27;[0m
  &amp#27;[36mThen &amp#27;[0m&amp#27;[36mselect the hotel&amp#27;[0m                                                                                                                    &amp#27;[90m# stepDefinition.Select_Hotel.select_the_hotel()&amp#27;[0m
  &amp#27;[36mAnd &amp#27;[0m&amp#27;[36mclick the continue button&amp#27;[0m                                                                                                            &amp#27;[90m# stepDefinition.Select_Hotel.click_the_continue_button()&amp#27;[0m
]]></system-out>
    <system-err><![CDATA[Jul 04, 2024 2:52:15 PM org.openqa.selenium.devtools.CdpVersionFinder findNearestMatch
WARNING: Unable to find CDP implementation matching 126
Jul 04, 2024 2:52:15 PM org.openqa.selenium.chromium.ChromiumDriver lambda$new$5
WARNING: Unable to find version of CDP to use for 126.0.6478.127. You may need to include a dependency on a specific version of the CDP using something similar to `org.seleniumhq.selenium:selenium-devtools-v86:4.15.0` where the version ("v86") matches the version of the chromium-based browser you're using and the version number of the artifact is the same as Selenium's.
]]></system-err>
  </testcase>
</testsuite>